# JRE version: OpenJDK Runtime Environment (8.0_242-b01) (build 1.8.0_242-release-1644-b01)
# Java VM: OpenJDK 64-Bit Server VM (25.242-b01 mixed mode windows-amd64 compressed oops)
Heap:
 PSYoungGen      total 168960K, used 123269K [0x00000000d5580000, 0x00000000e2500000, 0x0000000100000000)
  eden space 154112K, 79% used [0x00000000d5580000,0x00000000dcde1480,0x00000000dec00000)
  from space 14848K, 0% used [0x00000000dff00000,0x00000000dff00000,0x00000000e0d80000)
  to   space 19456K, 0% used [0x00000000dec00000,0x00000000dec00000,0x00000000dff00000)
 ParOldGen       total 138752K, used 34585K [0x0000000080000000, 0x0000000088780000, 0x00000000d5580000)
  object space 138752K, 24% used [0x0000000080000000,0x00000000821c6608,0x0000000088780000)
 Metaspace       used 63632K, capacity 66210K, committed 66392K, reserved 1105920K
  class space    used 8521K, capacity 9046K, committed 9088K, reserved 1048576K
GC Heap History (10 events):
Event: 4.154 GC heap before
{Heap before GC invocations=11 (full 2):
 PSYoungGen      total 111616K, used 8050K [0x00000000d5580000, 0x00000000df700000, 0x0000000100000000)
  eden space 99840K, 0% used [0x00000000d5580000,0x00000000d5580000,0x00000000db700000)
  from space 11776K, 68% used [0x00000000db700000,0x00000000dbedca28,0x00000000dc280000)
  to   space 11776K, 0% used [0x00000000deb80000,0x00000000deb80000,0x00000000df700000)
 ParOldGen       total 59392K, used 9285K [0x0000000080000000, 0x0000000083a00000, 0x00000000d5580000)
  object space 59392K, 15% used [0x0000000080000000,0x0000000080911610,0x0000000083a00000)
 Metaspace       used 34149K, capacity 35286K, committed 35416K, reserved 1079296K
  class space    used 4621K, capacity 4922K, committed 4992K, reserved 1048576K
Event: 4.213 GC heap after
Heap after GC invocations=11 (full 2):
 PSYoungGen      total 111616K, used 0K [0x00000000d5580000, 0x00000000df700000, 0x0000000100000000)
  eden space 99840K, 0% used [0x00000000d5580000,0x00000000d5580000,0x00000000db700000)
  from space 11776K, 0% used [0x00000000db700000,0x00000000db700000,0x00000000dc280000)
  to   space 11776K, 0% used [0x00000000deb80000,0x00000000deb80000,0x00000000df700000)
 ParOldGen       total 87552K, used 14615K [0x0000000080000000, 0x0000000085580000, 0x00000000d5580000)
  object space 87552K, 16% used [0x0000000080000000,0x0000000080e45d70,0x0000000085580000)
 Metaspace       used 34149K, capacity 35286K, committed 35416K, reserved 1079296K
  class space    used 4621K, capacity 4922K, committed 4992K, reserved 1048576K
}
Event: 5.276 GC heap before
{Heap before GC invocations=12 (full 2):
 PSYoungGen      total 111616K, used 99840K [0x00000000d5580000, 0x00000000df700000, 0x0000000100000000)
  eden space 99840K, 100% used [0x00000000d5580000,0x00000000db700000,0x00000000db700000)
  from space 11776K, 0% used [0x00000000db700000,0x00000000db700000,0x00000000dc280000)
  to   space 11776K, 0% used [0x00000000deb80000,0x00000000deb80000,0x00000000df700000)
 ParOldGen       total 87552K, used 14615K [0x0000000080000000, 0x0000000085580000, 0x00000000d5580000)
  object space 87552K, 16% used [0x0000000080000000,0x0000000080e45d70,0x0000000085580000)
 Metaspace       used 39955K, capacity 41516K, committed 41560K, reserved 1085440K
  class space    used 5367K, capacity 5742K, committed 5760K, reserved 1048576K
Event: 5.284 GC heap after
Heap after GC invocations=12 (full 2):
 PSYoungGen      total 137728K, used 10434K [0x00000000d5580000, 0x00000000df600000, 0x0000000100000000)
  eden space 126976K, 0% used [0x00000000d5580000,0x00000000d5580000,0x00000000dd180000)
  from space 10752K, 97% used [0x00000000deb80000,0x00000000df5b0830,0x00000000df600000)
  to   space 12288K, 0% used [0x00000000dde00000,0x00000000dde00000,0x00000000dea00000)
 ParOldGen       total 87552K, used 14623K [0x0000000080000000, 0x0000000085580000, 0x00000000d5580000)
  object space 87552K, 16% used [0x0000000080000000,0x0000000080e47d70,0x0000000085580000)
 Metaspace       used 39955K, capacity 41516K, committed 41560K, reserved 1085440K
  class space    used 5367K, capacity 5742K, committed 5760K, reserved 1048576K
}
Event: 6.627 GC heap before
{Heap before GC invocations=13 (full 2):
 PSYoungGen      total 137728K, used 137410K [0x00000000d5580000, 0x00000000df600000, 0x0000000100000000)
  eden space 126976K, 100% used [0x00000000d5580000,0x00000000dd180000,0x00000000dd180000)
  from space 10752K, 97% used [0x00000000deb80000,0x00000000df5b0830,0x00000000df600000)
  to   space 12288K, 0% used [0x00000000dde00000,0x00000000dde00000,0x00000000dea00000)
 ParOldGen       total 87552K, used 14623K [0x0000000080000000, 0x0000000085580000, 0x00000000d5580000)
  object space 87552K, 16% used [0x0000000080000000,0x0000000080e47d70,0x0000000085580000)
 Metaspace       used 47399K, capacity 49544K, committed 49752K, reserved 1091584K
  class space    used 6344K, capacity 6730K, committed 6784K, reserved 1048576K
Event: 6.639 GC heap after
Heap after GC invocations=13 (full 2):
 PSYoungGen      total 152064K, used 12287K [0x00000000d5580000, 0x00000000e0d80000, 0x0000000100000000)
  eden space 139776K, 0% used [0x00000000d5580000,0x00000000d5580000,0x00000000dde00000)
  from space 12288K, 99% used [0x00000000dde00000,0x00000000de9ffef8,0x00000000dea00000)
  to   space 14848K, 0% used [0x00000000dff00000,0x00000000dff00000,0x00000000e0d80000)
 ParOldGen       total 87552K, used 18044K [0x0000000080000000, 0x0000000085580000, 0x00000000d5580000)
  object space 87552K, 20% used [0x0000000080000000,0x000000008119f2f8,0x0000000085580000)
 Metaspace       used 47399K, capacity 49544K, committed 49752K, reserved 1091584K
  class space    used 6344K, capacity 6730K, committed 6784K, reserved 1048576K
}
Event: 7.660 GC heap before
{Heap before GC invocations=14 (full 2):
 PSYoungGen      total 152064K, used 108287K [0x00000000d5580000, 0x00000000e0d80000, 0x0000000100000000)
  eden space 139776K, 68% used [0x00000000d5580000,0x00000000db33fef8,0x00000000dde00000)
  from space 12288K, 99% used [0x00000000dde00000,0x00000000de9ffef8,0x00000000dea00000)
  to   space 14848K, 0% used [0x00000000dff00000,0x00000000dff00000,0x00000000e0d80000)
 ParOldGen       total 87552K, used 18044K [0x0000000080000000, 0x0000000085580000, 0x00000000d5580000)
  object space 87552K, 20% used [0x0000000080000000,0x000000008119f2f8,0x0000000085580000)
 Metaspace       used 56661K, capacity 58948K, committed 59028K, reserved 1099776K
  class space    used 7434K, capacity 7902K, committed 7936K, reserved 1048576K
Event: 7.674 GC heap after
Heap after GC invocations=14 (full 2):
 PSYoungGen      total 168960K, used 14835K [0x00000000d5580000, 0x00000000e2500000, 0x0000000100000000)
  eden space 154112K, 0% used [0x00000000d5580000,0x00000000d5580000,0x00000000dec00000)
  from space 14848K, 99% used [0x00000000dff00000,0x00000000e0d7cf40,0x00000000e0d80000)
  to   space 19456K, 0% used [0x00000000dec00000,0x00000000dec00000,0x00000000dff00000)
 ParOldGen       total 87552K, used 25639K [0x0000000080000000, 0x0000000085580000, 0x00000000d5580000)
  object space 87552K, 29% used [0x0000000080000000,0x0000000081909d10,0x0000000085580000)
 Metaspace       used 56661K, capacity 58948K, committed 59028K, reserved 1099776K
  class space    used 7434K, capacity 7902K, committed 7936K, reserved 1048576K
}
Event: 7.674 GC heap before
{Heap before GC invocations=15 (full 3):
 PSYoungGen      total 168960K, used 14835K [0x00000000d5580000, 0x00000000e2500000, 0x0000000100000000)
  eden space 154112K, 0% used [0x00000000d5580000,0x00000000d5580000,0x00000000dec00000)
  from space 14848K, 99% used [0x00000000dff00000,0x00000000e0d7cf40,0x00000000e0d80000)
  to   space 19456K, 0% used [0x00000000dec00000,0x00000000dec00000,0x00000000dff00000)
 ParOldGen       total 87552K, used 25639K [0x0000000080000000, 0x0000000085580000, 0x00000000d5580000)
  object space 87552K, 29% used [0x0000000080000000,0x0000000081909d10,0x0000000085580000)
 Metaspace       used 56661K, capacity 58948K, committed 59028K, reserved 1099776K
  class space    used 7434K, capacity 7902K, committed 7936K, reserved 1048576K
Event: 7.857 GC heap after
Heap after GC invocations=15 (full 3):
 PSYoungGen      total 168960K, used 0K [0x00000000d5580000, 0x00000000e2500000, 0x0000000100000000)
  eden space 154112K, 0% used [0x00000000d5580000,0x00000000d5580000,0x00000000dec00000)
  from space 14848K, 0% used [0x00000000dff00000,0x00000000dff00000,0x00000000e0d80000)
  to   space 19456K, 0% used [0x00000000dec00000,0x00000000dec00000,0x00000000dff00000)
 ParOldGen       total 138752K, used 34585K [0x0000000080000000, 0x0000000088780000, 0x00000000d5580000)
  object space 138752K, 24% used [0x0000000080000000,0x00000000821c6608,0x0000000088780000)
 Metaspace       used 56564K, capacity 58692K, committed 59028K, reserved 1099776K
  class space    used 7406K, capacity 7862K, committed 7936K, reserved 1048576K
}

