# JRE version: OpenJDK Runtime Environment (8.0_242-b01) (build 1.8.0_242-release-1644-b01)
# Java VM: OpenJDK 64-Bit Server VM (25.242-b01 mixed mode windows-amd64 compressed oops)
Heap:
 PSYoungGen      total 236544K, used 154559K [0x00000000d5580000, 0x00000000e6a80000, 0x0000000100000000)
  eden space 207360K, 70% used [0x00000000d5580000,0x00000000de47aff8,0x00000000e2000000)
  from space 29184K, 27% used [0x00000000e2000000,0x00000000e27f4c88,0x00000000e3c80000)
  to   space 28160K, 0% used [0x00000000e4f00000,0x00000000e4f00000,0x00000000e6a80000)
 ParOldGen       total 218112K, used 63675K [0x0000000080000000, 0x000000008d500000, 0x00000000d5580000)
  object space 218112K, 29% used [0x0000000080000000,0x0000000083e2ec50,0x000000008d500000)
 Metaspace       used 98323K, capacity 103494K, committed 104024K, reserved 1138688K
  class space    used 13060K, capacity 14070K, committed 14208K, reserved 1048576K
GC Heap History (10 events):
Event: 10.571 GC heap before
{Heap before GC invocations=17 (full 3):
 PSYoungGen      total 179200K, used 173067K [0x00000000d5580000, 0x00000000e3580000, 0x0000000100000000)
  eden space 158720K, 100% used [0x00000000d5580000,0x00000000df080000,0x00000000df080000)
  from space 20480K, 70% used [0x00000000df080000,0x00000000dfe82ee8,0x00000000e0480000)
  to   space 20992K, 0% used [0x00000000e2100000,0x00000000e2100000,0x00000000e3580000)
 ParOldGen       total 142848K, used 36957K [0x0000000080000000, 0x0000000088b80000, 0x00000000d5580000)
  object space 142848K, 25% used [0x0000000080000000,0x0000000082417420,0x0000000088b80000)
 Metaspace       used 75824K, capacity 80140K, committed 80344K, reserved 1118208K
  class space    used 10388K, capacity 11183K, committed 11264K, reserved 1048576K
Event: 10.587 GC heap after
Heap after GC invocations=17 (full 3):
 PSYoungGen      total 204288K, used 20979K [0x00000000d5580000, 0x00000000e3a80000, 0x0000000100000000)
  eden space 183296K, 0% used [0x00000000d5580000,0x00000000d5580000,0x00000000e0880000)
  from space 20992K, 99% used [0x00000000e2100000,0x00000000e357ced8,0x00000000e3580000)
  to   space 25088K, 0% used [0x00000000e0880000,0x00000000e0880000,0x00000000e2100000)
 ParOldGen       total 142848K, used 40213K [0x0000000080000000, 0x0000000088b80000, 0x00000000d5580000)
  object space 142848K, 28% used [0x0000000080000000,0x00000000827456e0,0x0000000088b80000)
 Metaspace       used 75824K, capacity 80140K, committed 80344K, reserved 1118208K
  class space    used 10388K, capacity 11183K, committed 11264K, reserved 1048576K
}
Event: 12.006 GC heap before
{Heap before GC invocations=18 (full 3):
 PSYoungGen      total 204288K, used 204275K [0x00000000d5580000, 0x00000000e3a80000, 0x0000000100000000)
  eden space 183296K, 100% used [0x00000000d5580000,0x00000000e0880000,0x00000000e0880000)
  from space 20992K, 99% used [0x00000000e2100000,0x00000000e357ced8,0x00000000e3580000)
  to   space 25088K, 0% used [0x00000000e0880000,0x00000000e0880000,0x00000000e2100000)
 ParOldGen       total 142848K, used 40213K [0x0000000080000000, 0x0000000088b80000, 0x00000000d5580000)
  object space 142848K, 28% used [0x0000000080000000,0x00000000827456e0,0x0000000088b80000)
 Metaspace       used 83415K, capacity 88228K, committed 88536K, reserved 1126400K
  class space    used 11367K, capacity 12213K, committed 12288K, reserved 1048576K
Event: 12.027 GC heap after
Heap after GC invocations=18 (full 3):
 PSYoungGen      total 208384K, used 16022K [0x00000000d5580000, 0x00000000e5800000, 0x0000000100000000)
  eden space 183296K, 0% used [0x00000000d5580000,0x00000000d5580000,0x00000000e0880000)
  from space 25088K, 63% used [0x00000000e0880000,0x00000000e1825a58,0x00000000e2100000)
  to   space 25600K, 0% used [0x00000000e3f00000,0x00000000e3f00000,0x00000000e5800000)
 ParOldGen       total 142848K, used 58368K [0x0000000080000000, 0x0000000088b80000, 0x00000000d5580000)
  object space 142848K, 40% used [0x0000000080000000,0x00000000839002a8,0x0000000088b80000)
 Metaspace       used 83415K, capacity 88228K, committed 88536K, reserved 1126400K
  class space    used 11367K, capacity 12213K, committed 12288K, reserved 1048576K
}
Event: 185.842 GC heap before
{Heap before GC invocations=19 (full 3):
 PSYoungGen      total 208384K, used 197247K [0x00000000d5580000, 0x00000000e5800000, 0x0000000100000000)
  eden space 183296K, 98% used [0x00000000d5580000,0x00000000e067a2c8,0x00000000e0880000)
  from space 25088K, 63% used [0x00000000e0880000,0x00000000e1825a58,0x00000000e2100000)
  to   space 25600K, 0% used [0x00000000e3f00000,0x00000000e3f00000,0x00000000e5800000)
 ParOldGen       total 142848K, used 58368K [0x0000000080000000, 0x0000000088b80000, 0x00000000d5580000)
  object space 142848K, 40% used [0x0000000080000000,0x00000000839002a8,0x0000000088b80000)
 Metaspace       used 92850K, capacity 98268K, committed 98380K, reserved 1134592K
  class space    used 12460K, capacity 13497K, committed 13568K, reserved 1048576K
Event: 185.873 GC heap after
Heap after GC invocations=19 (full 3):
 PSYoungGen      total 232960K, used 25073K [0x00000000d5580000, 0x00000000e5900000, 0x0000000100000000)
  eden space 207360K, 0% used [0x00000000d5580000,0x00000000d5580000,0x00000000e2000000)
  from space 25600K, 97% used [0x00000000e3f00000,0x00000000e577c5b0,0x00000000e5800000)
  to   space 29184K, 0% used [0x00000000e2000000,0x00000000e2000000,0x00000000e3c80000)
 ParOldGen       total 142848K, used 58376K [0x0000000080000000, 0x0000000088b80000, 0x00000000d5580000)
  object space 142848K, 40% used [0x0000000080000000,0x00000000839022a8,0x0000000088b80000)
 Metaspace       used 92850K, capacity 98268K, committed 98380K, reserved 1134592K
  class space    used 12460K, capacity 13497K, committed 13568K, reserved 1048576K
}
Event: 185.873 GC heap before
{Heap before GC invocations=20 (full 4):
 PSYoungGen      total 232960K, used 25073K [0x00000000d5580000, 0x00000000e5900000, 0x0000000100000000)
  eden space 207360K, 0% used [0x00000000d5580000,0x00000000d5580000,0x00000000e2000000)
  from space 25600K, 97% used [0x00000000e3f00000,0x00000000e577c5b0,0x00000000e5800000)
  to   space 29184K, 0% used [0x00000000e2000000,0x00000000e2000000,0x00000000e3c80000)
 ParOldGen       total 142848K, used 58376K [0x0000000080000000, 0x0000000088b80000, 0x00000000d5580000)
  object space 142848K, 40% used [0x0000000080000000,0x00000000839022a8,0x0000000088b80000)
 Metaspace       used 92850K, capacity 98268K, committed 98380K, reserved 1134592K
  class space    used 12460K, capacity 13497K, committed 13568K, reserved 1048576K
Event: 186.036 GC heap after
Heap after GC invocations=20 (full 4):
 PSYoungGen      total 232960K, used 0K [0x00000000d5580000, 0x00000000e5900000, 0x0000000100000000)
  eden space 207360K, 0% used [0x00000000d5580000,0x00000000d5580000,0x00000000e2000000)
  from space 25600K, 0% used [0x00000000e3f00000,0x00000000e3f00000,0x00000000e5800000)
  to   space 29184K, 0% used [0x00000000e2000000,0x00000000e2000000,0x00000000e3c80000)
 ParOldGen       total 218112K, used 63667K [0x0000000080000000, 0x000000008d500000, 0x00000000d5580000)
  object space 218112K, 29% used [0x0000000080000000,0x0000000083e2cc50,0x000000008d500000)
 Metaspace       used 92404K, capacity 96942K, committed 98380K, reserved 1134592K
  class space    used 12316K, capacity 13244K, committed 13568K, reserved 1048576K
}
Event: 188.231 GC heap before
{Heap before GC invocations=21 (full 4):
 PSYoungGen      total 232960K, used 207360K [0x00000000d5580000, 0x00000000e5900000, 0x0000000100000000)
  eden space 207360K, 100% used [0x00000000d5580000,0x00000000e2000000,0x00000000e2000000)
  from space 25600K, 0% used [0x00000000e3f00000,0x00000000e3f00000,0x00000000e5800000)
  to   space 29184K, 0% used [0x00000000e2000000,0x00000000e2000000,0x00000000e3c80000)
 ParOldGen       total 218112K, used 63667K [0x0000000080000000, 0x000000008d500000, 0x00000000d5580000)
  object space 218112K, 29% used [0x0000000080000000,0x0000000083e2cc50,0x000000008d500000)
 Metaspace       used 95433K, capacity 100210K, committed 101336K, reserved 1136640K
  class space    used 12653K, capacity 13608K, committed 13824K, reserved 1048576K
Event: 188.241 GC heap after
Heap after GC invocations=21 (full 4):
 PSYoungGen      total 236544K, used 8147K [0x00000000d5580000, 0x00000000e6a80000, 0x0000000100000000)
  eden space 207360K, 0% used [0x00000000d5580000,0x00000000d5580000,0x00000000e2000000)
  from space 29184K, 27% used [0x00000000e2000000,0x00000000e27f4c88,0x00000000e3c80000)
  to   space 28160K, 0% used [0x00000000e4f00000,0x00000000e4f00000,0x00000000e6a80000)
 ParOldGen       total 218112K, used 63675K [0x0000000080000000, 0x000000008d500000, 0x00000000d5580000)
  object space 218112K, 29% used [0x0000000080000000,0x0000000083e2ec50,0x000000008d500000)
 Metaspace       used 95433K, capacity 100210K, committed 101336K, reserved 1136640K
  class space    used 12653K, capacity 13608K, committed 13824K, reserved 1048576K
}

